2023-07-18T15:51:58.064+0800	INFO	bluebell/main.go:33	[logger] init success
2023-07-18T15:51:58.065+0800	INFO	bluebell/main.go:40	[snowflake] init success
2023-07-18T15:51:58.068+0800	INFO	bluebell/main.go:47	[mysql] init success
2023-07-18T15:51:58.069+0800	INFO	bluebell/main.go:53	[redis] init success
2023-07-18T15:51:58.069+0800	INFO	bluebell/main.go:61	[trans] init success
2023-07-18T15:51:58.072+0800	INFO	bluebell/main.go:64	[router] init success
2023-07-18T15:52:03.701+0800	INFO	logger/logger.go:78	/api/v1/posts	{"status": 200, "method": "GET", "path": "/api/v1/posts", "query": "", "ip": "127.0.0.1", "user-agent": "PostmanRuntime/7.32.3", "errors": "", "cost": 0.007950916}
2023-07-18T15:52:11.999+0800	ERROR	controller/user.go:37	[signup] [logic] err	{"error": "user already exists"}
2023-07-18T15:52:12.000+0800	INFO	logger/logger.go:78	/api/v1/signup	{"status": 200, "method": "POST", "path": "/api/v1/signup", "query": "", "ip": "127.0.0.1", "user-agent": "PostmanRuntime/7.32.3", "errors": "", "cost": 0.003362334}
2023-07-18T16:09:12.396+0800	INFO	logger/logger.go:78	/api/v1/login	{"status": 200, "method": "POST", "path": "/api/v1/login", "query": "", "ip": "127.0.0.1", "user-agent": "PostmanRuntime/7.32.3", "errors": "", "cost": 0.041791334}
2023-07-18T16:09:26.658+0800	ERROR	middleware/auth.go:18	[jwt auth middleware] not login
2023-07-18T16:09:26.659+0800	INFO	logger/logger.go:78	/api/v1/vote	{"status": 200, "method": "POST", "path": "/api/v1/vote", "query": "", "ip": "127.0.0.1", "user-agent": "PostmanRuntime/7.32.3", "errors": "", "cost": 0.00026825}
2023-07-18T16:43:20.207+0800	INFO	bluebell/main.go:33	[logger] init success
2023-07-18T16:43:20.208+0800	INFO	bluebell/main.go:41	[snowflake] init success
2023-07-18T16:43:20.246+0800	INFO	bluebell/main.go:48	[mysql] init success
2023-07-18T16:43:20.249+0800	INFO	bluebell/main.go:54	[redis] init success
2023-07-18T16:43:20.249+0800	INFO	bluebell/main.go:62	[trans] init success
2023-07-18T16:43:20.251+0800	INFO	bluebell/main.go:65	[router] init success
2023-07-18T16:43:23.696+0800	ERROR	middleware/auth.go:18	[jwt auth middleware] not login
2023-07-18T16:43:23.696+0800	INFO	logger/logger.go:86	/api/v1/vote	{"status": 200, "method": "POST", "path": "/api/v1/vote", "query": "", "ip": "127.0.0.1", "user-agent": "PostmanRuntime/7.32.3", "errors": "", "cost": 0.000502417}
2023-07-18T16:49:47.442+0800	INFO	logger/logger.go:50	[logger] init success
2023-07-18T16:49:47.443+0800	INFO	snowflake/gen_id.go:32	[snowflake] init success
2023-07-18T16:49:47.448+0800	INFO	bluebell/main.go:46	[mysql] init success
2023-07-18T16:49:47.449+0800	INFO	bluebell/main.go:52	[redis] init success
2023-07-18T16:49:47.449+0800	INFO	bluebell/main.go:60	[trans] init success
2023-07-18T16:49:47.450+0800	INFO	bluebell/main.go:63	[router] init success
2023-07-18T17:00:18.870+0800	INFO	logger/logger.go:45	[logger] init success
2023-07-18T17:00:18.871+0800	INFO	snowflake/gen_id.go:32	[snowflake] init success
2023-07-18T17:00:18.876+0800	INFO	bluebell/main.go:46	[mysql] init success
2023-07-18T17:00:18.877+0800	INFO	bluebell/main.go:52	[redis] init success
2023-07-18T17:00:18.877+0800	INFO	bluebell/main.go:60	[trans] init success
2023-07-18T17:00:18.878+0800	INFO	bluebell/main.go:63	[router] init success
2023-07-18T17:00:21.248+0800	ERROR	middleware/auth.go:18	[jwt auth middleware] not login
2023-07-18T17:00:21.248+0800	INFO	logger/logger.go:82	/api/v1/vote	{"status": 200, "method": "POST", "path": "/api/v1/vote", "query": "", "ip": "127.0.0.1", "user-agent": "PostmanRuntime/7.32.3", "errors": "", "cost": 0.000302542}
2023-07-18T17:01:32.908+0800	INFO	logger/logger.go:45	[logger] init success
2023-07-18T17:01:32.909+0800	INFO	snowflake/gen_id.go:32	[snowflake] init success
2023-07-18T17:01:32.919+0800	INFO	bluebell/main.go:46	[mysql] init success
2023-07-18T17:01:32.920+0800	INFO	bluebell/main.go:52	[redis] init success
2023-07-18T17:01:32.920+0800	INFO	bluebell/main.go:60	[trans] init success
2023-07-18T17:01:32.921+0800	INFO	bluebell/main.go:63	[router] init success
2023-07-18T17:11:37.504+0800	INFO	logger/logger.go:46	[logger] init success
2023-07-18T17:11:37.505+0800	INFO	snowflake/gen_id.go:32	[snowflake] init success
2023-07-18T17:11:37.510+0800	INFO	bluebell/main.go:46	[mysql] init success
2023-07-18T17:11:37.510+0800	INFO	bluebell/main.go:52	[redis] init success
2023-07-18T17:11:37.511+0800	INFO	bluebell/main.go:60	[trans] init success
2023-07-18T17:11:37.512+0800	INFO	bluebell/main.go:63	[router] init success
2023-07-18T17:13:25.044+0800	INFO	logger/logger.go:46	[logger] init success
2023-07-18T17:13:25.045+0800	INFO	snowflake/gen_id.go:32	[snowflake] init success
2023-07-18T17:13:25.049+0800	INFO	bluebell/main.go:46	[mysql] init success
2023-07-18T17:13:25.050+0800	INFO	bluebell/main.go:52	[redis] init success
2023-07-18T17:13:25.050+0800	INFO	bluebell/main.go:60	[trans] init success
2023-07-18T17:13:25.051+0800	INFO	bluebell/main.go:63	[router] init success
2023-07-18T17:43:48.960+0800	INFO	logger/logger.go:52	[logger] init success
2023-07-18T17:43:48.961+0800	INFO	snowflake/gen_id.go:32	[snowflake] init success
2023-07-18T17:43:49.004+0800	INFO	bluebell/main.go:46	[mysql] init success
2023-07-18T17:43:49.009+0800	INFO	bluebell/main.go:52	[redis] init success
2023-07-18T17:43:49.009+0800	INFO	bluebell/main.go:60	[trans] init success
2023-07-18T17:43:49.010+0800	INFO	bluebell/main.go:64	[router] init success
2023-07-18T17:43:51.521+0800	ERROR	middleware/auth.go:18	[jwt auth middleware] not login
2023-07-18T17:43:51.522+0800	INFO	logger/logger.go:89	/api/v1/vote	{"status": 200, "method": "POST", "path": "/api/v1/vote", "query": "", "ip": "127.0.0.1", "user-agent": "PostmanRuntime/7.32.3", "errors": "", "cost": 0.000443458}
2023-07-18T17:43:55.369+0800	INFO	logger/logger.go:89	/api/v1/singup	{"status": 404, "method": "POST", "path": "/api/v1/singup", "query": "", "ip": "127.0.0.1", "user-agent": "PostmanRuntime/7.32.3", "errors": "", "cost": 0.000000625}
2023-07-18T17:43:58.512+0800	ERROR	controller/user.go:37	[signup] [logic] err	{"error": "user already exists"}
2023-07-18T17:43:58.512+0800	INFO	logger/logger.go:89	/api/v1/signup	{"status": 200, "method": "POST", "path": "/api/v1/signup", "query": "", "ip": "127.0.0.1", "user-agent": "PostmanRuntime/7.32.3", "errors": "", "cost": 0.00948175}
2023-07-18T17:44:01.044+0800	INFO	logger/logger.go:89	/api/v1/login	{"status": 200, "method": "POST", "path": "/api/v1/login", "query": "", "ip": "127.0.0.1", "user-agent": "PostmanRuntime/7.32.3", "errors": "", "cost": 0.003279916}
2023-07-18T17:44:16.941+0800	ERROR	controller/user.go:28	[signup] [params] verification err	{"error": "Key: 'SignupForm.age' Error:Field validation for 'age' failed on the 'lte' tag\nKey: 'SignupForm.email' Error:Field validation for 'email' failed on the 'email' tag"}
2023-07-18T17:44:16.942+0800	INFO	logger/logger.go:89	/api/v1/signup	{"status": 200, "method": "POST", "path": "/api/v1/signup", "query": "", "ip": "127.0.0.1", "user-agent": "PostmanRuntime/7.32.3", "errors": "", "cost": 0.001245333}
2023-07-18T17:44:22.303+0800	ERROR	controller/user.go:24	[signup] [params] invalid err	{"error": "json: cannot unmarshal string into Go struct field SignupForm.age of type uint8"}
2023-07-18T17:44:22.303+0800	INFO	logger/logger.go:89	/api/v1/signup	{"status": 200, "method": "POST", "path": "/api/v1/signup", "query": "", "ip": "127.0.0.1", "user-agent": "PostmanRuntime/7.32.3", "errors": "", "cost": 0.000198416}
2023-07-18T17:44:27.251+0800	ERROR	controller/user.go:28	[signup] [params] verification err	{"error": "Key: 'SignupForm.email' Error:Field validation for 'email' failed on the 'email' tag"}
2023-07-18T17:44:27.252+0800	INFO	logger/logger.go:89	/api/v1/signup	{"status": 200, "method": "POST", "path": "/api/v1/signup", "query": "", "ip": "127.0.0.1", "user-agent": "PostmanRuntime/7.32.3", "errors": "", "cost": 0.001152125}
2023-07-18T17:44:31.948+0800	INFO	logger/logger.go:89	/api/v1/signup	{"status": 200, "method": "POST", "path": "/api/v1/signup", "query": "", "ip": "127.0.0.1", "user-agent": "PostmanRuntime/7.32.3", "errors": "", "cost": 0.041337667}
2023-07-18T17:44:37.859+0800	INFO	logger/logger.go:89	/api/v1/community	{"status": 404, "method": "POST", "path": "/api/v1/community", "query": "", "ip": "127.0.0.1", "user-agent": "PostmanRuntime/7.32.3", "errors": "", "cost": 0.000000917}
2023-07-18T17:44:41.355+0800	INFO	logger/logger.go:89	/api/v1/community	{"status": 200, "method": "GET", "path": "/api/v1/community", "query": "", "ip": "127.0.0.1", "user-agent": "PostmanRuntime/7.32.3", "errors": "", "cost": 0.002341041}
2023-07-18T18:49:08.412+0800	INFO	logger/logger.go:52	[logger] init success
2023-07-18T18:49:08.413+0800	INFO	snowflake/gen_id.go:32	[snowflake] init success
2023-07-18T18:49:08.454+0800	INFO	bluebell/main.go:46	[mysql] init success
2023-07-18T18:49:08.458+0800	INFO	bluebell/main.go:52	[redis] init success
2023-07-18T18:49:08.459+0800	INFO	bluebell/main.go:60	[trans] init success
2023-07-18T18:49:08.459+0800	INFO	bluebell/main.go:64	[router] init success
2023-07-18T18:50:24.387+0800	INFO	logger/logger.go:52	[logger] init success
2023-07-18T18:50:24.388+0800	INFO	snowflake/gen_id.go:32	[snowflake] init success
2023-07-18T18:50:24.392+0800	INFO	bluebell/main.go:43	[mysql] init success
2023-07-18T18:50:24.393+0800	INFO	bluebell/main.go:49	[redis] init success
2023-07-18T18:50:24.393+0800	INFO	bluebell/main.go:57	[trans] init success
2023-07-18T18:50:24.394+0800	INFO	bluebell/main.go:61	[router] init success
2023-07-18T19:16:11.072+0800	INFO	logger/logger.go:52	[logger] init success
2023-07-18T19:16:11.074+0800	INFO	snowflake/gen_id.go:32	[snowflake] init success
2023-07-18T19:16:11.080+0800	INFO	bluebell/main.go:44	[mysql] init success
2023-07-18T19:16:11.081+0800	INFO	bluebell/main.go:50	[redis] init success
2023-07-18T19:16:11.082+0800	INFO	bluebell/main.go:58	[trans] init success
2023-07-18T19:16:11.083+0800	INFO	bluebell/main.go:62	[router] init success
2023-07-18T19:16:41.261+0800	INFO	logger/logger.go:52	[logger] init success
2023-07-18T19:16:41.261+0800	INFO	snowflake/gen_id.go:32	[snowflake] init success
2023-07-18T19:16:41.265+0800	INFO	bluebell/main.go:44	[mysql] init success
2023-07-18T19:16:41.265+0800	INFO	bluebell/main.go:50	[redis] init success
2023-07-18T19:16:41.265+0800	INFO	bluebell/main.go:58	[trans] init success
2023-07-18T19:16:41.266+0800	INFO	bluebell/main.go:62	[router] init success
2023-07-18T19:17:23.599+0800	INFO	logger/logger.go:52	[logger] init success
2023-07-18T19:17:23.600+0800	INFO	snowflake/gen_id.go:32	[snowflake] init success
2023-07-18T19:17:23.604+0800	INFO	bluebell/main.go:44	[mysql] init success
2023-07-18T19:17:23.605+0800	INFO	bluebell/main.go:50	[redis] init success
2023-07-18T19:17:23.605+0800	INFO	bluebell/main.go:58	[trans] init success
2023-07-18T19:17:23.606+0800	INFO	bluebell/main.go:62	[router] init success
2023-07-18T19:33:17.532+0800	INFO	logger/logger.go:52	[logger] init success
2023-07-18T19:33:17.533+0800	INFO	snowflake/gen_id.go:32	[snowflake] init success
2023-07-18T19:33:17.538+0800	INFO	bluebell/main.go:44	[mysql] init success
2023-07-18T19:33:17.539+0800	INFO	bluebell/main.go:50	[redis] init success
2023-07-18T19:33:17.539+0800	INFO	bluebell/main.go:58	[trans] init success
2023-07-18T19:33:17.540+0800	INFO	bluebell/main.go:62	[router] init success
2023-07-18T19:37:38.380+0800	INFO	logger/logger.go:52	[logger] init success
2023-07-18T19:37:38.381+0800	INFO	snowflake/gen_id.go:32	[snowflake] init success
2023-07-18T19:37:38.385+0800	INFO	bluebell/main.go:52	[mysql] init success
2023-07-18T19:37:38.386+0800	INFO	bluebell/main.go:58	[redis] init success
2023-07-18T19:37:38.386+0800	INFO	bluebell/main.go:66	[trans] init success
2023-07-18T19:37:38.387+0800	INFO	bluebell/main.go:70	[router] init success
2023-07-18T19:42:29.966+0800	INFO	logger/logger.go:52	[logger] init success
2023-07-18T19:42:29.967+0800	INFO	snowflake/gen_id.go:32	[snowflake] init success
2023-07-18T19:42:29.972+0800	INFO	bluebell/main.go:44	[mysql] init success
2023-07-18T19:42:29.973+0800	INFO	bluebell/main.go:50	[redis] init success
2023-07-18T19:42:29.974+0800	INFO	bluebell/main.go:58	[trans] init success
2023-07-18T19:42:29.974+0800	INFO	bluebell/main.go:62	[router] init success
2023-07-18T19:42:47.402+0800	INFO	logger/logger.go:52	[logger] init success
2023-07-18T19:42:47.403+0800	INFO	snowflake/gen_id.go:32	[snowflake] init success
2023-07-18T19:42:47.407+0800	INFO	bluebell/main.go:44	[mysql] init success
2023-07-18T19:42:47.408+0800	INFO	bluebell/main.go:50	[redis] init success
2023-07-18T19:42:47.408+0800	INFO	bluebell/main.go:58	[trans] init success
2023-07-18T19:42:47.409+0800	INFO	bluebell/main.go:62	[router] init success
2023-07-18T19:42:59.616+0800	INFO	logger/logger.go:52	[logger] init success
2023-07-18T19:42:59.617+0800	INFO	snowflake/gen_id.go:32	[snowflake] init success
2023-07-18T19:42:59.621+0800	INFO	bluebell/main.go:46	[mysql] init success
2023-07-18T19:42:59.622+0800	INFO	bluebell/main.go:52	[redis] init success
2023-07-18T19:42:59.622+0800	INFO	bluebell/main.go:60	[trans] init success
2023-07-18T19:42:59.623+0800	INFO	bluebell/main.go:64	[router] init success
